<?xml version="1.0" encoding="UTF-8"?>
<!-- Generated by org.testng.reporters.JUnitReportReporter -->
<testsuite hostname="Merin" failures="0" tests="1" name="mavenProject2.mavenSample" time="1.945" errors="0" timestamp="2024-07-29T12:22:39 AEST" skipped="0">
  <testcase classname="mavenProject2.mavenSample" name="googleSearchForIPhone13" time="1.945"/>
</testsuite> <!-- mavenProject2.mavenSample -->
