<?xml version="1.0" encoding="UTF-8"?>
<!-- Generated by org.testng.reporters.JUnitReportReporter -->
<testsuite hostname="Merin" failures="0" tests="1" name="mavenProject2.sampleTests" time="1.905" errors="0" timestamp="2024-07-29T13:28:02 AEST" skipped="0">
  <testcase classname="mavenProject2.sampleTests" name="googleSearchForIPhone13" time="1.905"/>
</testsuite> <!-- mavenProject2.sampleTests -->
